<testsuite name="Mocha Tests" tests="3" failures="0" errors="0" skip="0" timestamp="Wed, 04 Sep 2013 07:53:12 GMT" time="0.001">
<testcase classname="globals" name="should have sinon defined" time="0"/>
<testcase classname="globals" name="should have expect defined" time="0"/>
<testcase classname="globals" name="should have underscore defined" time="0"/>
</testsuite>
